This is pdfTeX, Version 3.141592653-2.6-1.40.22 (TeX Live 2022/dev/Debian) (preloaded format=pdflatex 2024.3.19)  7 APR 2024 22:23
entering extended mode
 restricted \write18 enabled.
 %&-line parsing enabled.
**rapport/rapport.tex
(./rapport/rapport.tex
LaTeX2e <2021-11-15> patch level 1
L3 programming layer <2022-01-21>
(/usr/share/texlive/texmf-dist/tex/latex/base/article.cls
Document Class: article 2021/10/04 v1.4n Standard LaTeX document class
(/usr/share/texlive/texmf-dist/tex/latex/base/size10.clo
File: size10.clo 2021/10/04 v1.4n Standard LaTeX file (size option)
)
\c@part=\count185
\c@section=\count186
\c@subsection=\count187
\c@subsubsection=\count188
\c@paragraph=\count189
\c@subparagraph=\count190
\c@figure=\count191
\c@table=\count192
\abovecaptionskip=\skip47
\belowcaptionskip=\skip48
\bibindent=\dimen138
)
(/usr/share/texlive/texmf-dist/tex/latex/base/inputenc.sty
Package: inputenc 2021/02/14 v1.3d Input encoding file
\inpenc@prehook=\toks16
\inpenc@posthook=\toks17
)
(/usr/share/texlive/texmf-dist/tex/latex/base/fontenc.sty
Package: fontenc 2021/04/29 v2.0v Standard LaTeX package
)
(/usr/share/texlive/texmf-dist/tex/generic/babel/babel.sty
Package: babel 2022/01/26 3.70 The Babel package
\babel@savecnt=\count193
\U@D=\dimen139
\l@unhyphenated=\language37

(/usr/share/texlive/texmf-dist/tex/generic/babel/txtbabel.def)
\bbl@readstream=\read2
\bbl@dirlevel=\count194

(/usr/share/texlive/texmf-dist/tex/generic/babel-french/francais.ldf
Language: francais 2021/07/20 v3.5m French support from the babel system


Package francais.ldf Warning: Option `francais' for Babel is *deprecated*,
(francais.ldf)                it might be removed sooner or later. Please
(francais.ldf)                use `french' instead; reported on input line 31.

(/usr/share/texlive/texmf-dist/tex/generic/babel-french/french.ldf
Language: french 2021/07/20 v3.5m French support from the babel system
Package babel Info: Hyphen rules for 'acadian' set to \l@french
(babel)             (\language31). Reported on input line 91.
Package babel Info: Hyphen rules for 'canadien' set to \l@french
(babel)             (\language31). Reported on input line 92.
\FB@nonchar=\count195
Package babel Info: Making : an active character on input line 430.
Package babel Info: Making ; an active character on input line 431.
Package babel Info: Making ! an active character on input line 432.
Package babel Info: Making ? an active character on input line 433.
\FBguill@level=\count196
\FBold@everypar=\toks18
\FB@Mht=\dimen140
\mc@charclass=\count197
\mc@charfam=\count198
\mc@charslot=\count199
\std@mcc=\count266
\dec@mcc=\count267
\listindentFB=\dimen141
\descindentFB=\dimen142
\labelindentFB=\dimen143
\labelwidthFB=\dimen144
\leftmarginFB=\dimen145
\parindentFFN=\dimen146
\FBfnindent=\dimen147
)))
(/usr/share/texlive/texmf-dist/tex/latex/carlisle/scalefnt.sty)
(/usr/share/texlive/texmf-dist/tex/latex/graphics/keyval.sty
Package: keyval 2014/10/28 v1.15 key=value parser (DPC)
\KV@toks@=\toks19
)
(/usr/share/texlive/texmf-dist/tex/latex/preprint/fullpage.sty
Package: fullpage 1999/02/23 1.1 (PWD)
\FP@margin=\skip49
)
(/usr/share/texlive/texmf-dist/tex/latex/tools/multicol.sty
Package: multicol 2021/10/28 v1.9b multicolumn formatting (FMi)
\c@tracingmulticols=\count268
\mult@box=\box50
\multicol@leftmargin=\dimen148
\c@unbalance=\count269
\c@collectmore=\count270
\doublecol@number=\count271
\multicoltolerance=\count272
\multicolpretolerance=\count273
\full@width=\dimen149
\page@free=\dimen150
\premulticols=\dimen151
\postmulticols=\dimen152
\multicolsep=\skip50
\multicolbaselineskip=\skip51
\partial@page=\box51
\last@line=\box52
\maxbalancingoverflow=\dimen153
\mult@rightbox=\box53
\mult@grightbox=\box54
\mult@firstbox=\box55
\mult@gfirstbox=\box56
\@tempa=\box57
\@tempa=\box58
\@tempa=\box59
\@tempa=\box60
\@tempa=\box61
\@tempa=\box62
\@tempa=\box63
\@tempa=\box64
\@tempa=\box65
\@tempa=\box66
\@tempa=\box67
\@tempa=\box68
\@tempa=\box69
\@tempa=\box70
\@tempa=\box71
\@tempa=\box72
\@tempa=\box73
\@tempa=\box74
\@tempa=\box75
\@tempa=\box76
\@tempa=\box77
\@tempa=\box78
\@tempa=\box79
\@tempa=\box80
\@tempa=\box81
\@tempa=\box82
\@tempa=\box83
\@tempa=\box84
\@tempa=\box85
\@tempa=\box86
\@tempa=\box87
\@tempa=\box88
\@tempa=\box89
\@tempa=\box90
\@tempa=\box91
\@tempa=\box92
\c@minrows=\count274
\c@columnbadness=\count275
\c@finalcolumnbadness=\count276
\last@try=\dimen154
\multicolovershoot=\dimen155
\multicolundershoot=\dimen156
\mult@nat@firstbox=\box93
\colbreak@box=\box94
\mc@col@check@num=\count277
)
(/usr/share/texlive/texmf-dist/tex/latex/hyperref/hyperref.sty
Package: hyperref 2021-06-07 v7.00m Hypertext links for LaTeX

(/usr/share/texlive/texmf-dist/tex/generic/ltxcmds/ltxcmds.sty
Package: ltxcmds 2020-05-10 v1.25 LaTeX kernel commands for general use (HO)
)
(/usr/share/texlive/texmf-dist/tex/generic/iftex/iftex.sty
Package: iftex 2020/03/06 v1.0d TeX engine tests
)
(/usr/share/texlive/texmf-dist/tex/generic/pdftexcmds/pdftexcmds.sty
Package: pdftexcmds 2020-06-27 v0.33 Utility functions of pdfTeX for LuaTeX (HO
)

(/usr/share/texlive/texmf-dist/tex/generic/infwarerr/infwarerr.sty
Package: infwarerr 2019/12/03 v1.5 Providing info/warning/error messages (HO)
)
Package pdftexcmds Info: \pdf@primitive is available.
Package pdftexcmds Info: \pdf@ifprimitive is available.
Package pdftexcmds Info: \pdfdraftmode found.
)
(/usr/share/texlive/texmf-dist/tex/generic/kvsetkeys/kvsetkeys.sty
Package: kvsetkeys 2019/12/15 v1.18 Key value parser (HO)
)
(/usr/share/texlive/texmf-dist/tex/generic/kvdefinekeys/kvdefinekeys.sty
Package: kvdefinekeys 2019-12-19 v1.6 Define keys (HO)
)
(/usr/share/texlive/texmf-dist/tex/generic/pdfescape/pdfescape.sty
Package: pdfescape 2019/12/09 v1.15 Implements pdfTeX's escape features (HO)
)
(/usr/share/texlive/texmf-dist/tex/latex/hycolor/hycolor.sty
Package: hycolor 2020-01-27 v1.10 Color options for hyperref/bookmark (HO)
)
(/usr/share/texlive/texmf-dist/tex/latex/letltxmacro/letltxmacro.sty
Package: letltxmacro 2019/12/03 v1.6 Let assignment for LaTeX macros (HO)
)
(/usr/share/texlive/texmf-dist/tex/latex/auxhook/auxhook.sty
Package: auxhook 2019-12-17 v1.6 Hooks for auxiliary files (HO)
)
(/usr/share/texlive/texmf-dist/tex/latex/kvoptions/kvoptions.sty
Package: kvoptions 2020-10-07 v3.14 Key value format for package options (HO)
)
\@linkdim=\dimen157
\Hy@linkcounter=\count278
\Hy@pagecounter=\count279

(/usr/share/texlive/texmf-dist/tex/latex/hyperref/pd1enc.def
File: pd1enc.def 2021-06-07 v7.00m Hyperref: PDFDocEncoding definition (HO)
Now handling font encoding PD1 ...
... no UTF-8 mapping file for font encoding PD1
)
(/usr/share/texlive/texmf-dist/tex/latex/hyperref/hyperref-langpatches.def
File: hyperref-langpatches.def 2021-06-07 v7.00m Hyperref: patches for babel la
nguages
)
(/usr/share/texlive/texmf-dist/tex/generic/intcalc/intcalc.sty
Package: intcalc 2019/12/15 v1.3 Expandable calculations with integers (HO)
)
(/usr/share/texlive/texmf-dist/tex/generic/etexcmds/etexcmds.sty
Package: etexcmds 2019/12/15 v1.7 Avoid name clashes with e-TeX commands (HO)
)
\Hy@SavedSpaceFactor=\count280

(/usr/share/texlive/texmf-dist/tex/latex/hyperref/puenc.def
File: puenc.def 2021-06-07 v7.00m Hyperref: PDF Unicode definition (HO)
Now handling font encoding PU ...
... no UTF-8 mapping file for font encoding PU
)
Package hyperref Info: Hyper figures OFF on input line 4192.
Package hyperref Info: Link nesting OFF on input line 4197.
Package hyperref Info: Hyper index ON on input line 4200.
Package hyperref Info: Plain pages OFF on input line 4207.
Package hyperref Info: Backreferencing OFF on input line 4212.
Package hyperref Info: Implicit mode ON; LaTeX internals redefined.
Package hyperref Info: Bookmarks ON on input line 4445.
\c@Hy@tempcnt=\count281

(/usr/share/texlive/texmf-dist/tex/latex/url/url.sty
\Urlmuskip=\muskip16
Package: url 2013/09/16  ver 3.4  Verb mode for urls, etc.
)
LaTeX Info: Redefining \url on input line 4804.
\XeTeXLinkMargin=\dimen158

(/usr/share/texlive/texmf-dist/tex/generic/bitset/bitset.sty
Package: bitset 2019/12/09 v1.3 Handle bit-vector datatype (HO)

(/usr/share/texlive/texmf-dist/tex/generic/bigintcalc/bigintcalc.sty
Package: bigintcalc 2019/12/15 v1.5 Expandable calculations on big integers (HO
)
))
\Fld@menulength=\count282
\Field@Width=\dimen159
\Fld@charsize=\dimen160
Package hyperref Info: Hyper figures OFF on input line 6076.
Package hyperref Info: Link nesting OFF on input line 6081.
Package hyperref Info: Hyper index ON on input line 6084.
Package hyperref Info: backreferencing OFF on input line 6091.
Package hyperref Info: Link coloring OFF on input line 6096.
Package hyperref Info: Link coloring with OCG OFF on input line 6101.
Package hyperref Info: PDF/A mode OFF on input line 6106.
LaTeX Info: Redefining \ref on input line 6146.
LaTeX Info: Redefining \pageref on input line 6150.

(/usr/share/texlive/texmf-dist/tex/latex/base/atbegshi-ltx.sty
Package: atbegshi-ltx 2021/01/10 v1.0c Emulation of the original atbegshi
package with kernel methods
)
\Hy@abspage=\count283
\c@Item=\count284
\c@Hfootnote=\count285
)
Package hyperref Info: Driver (autodetected): hpdftex.

(/usr/share/texlive/texmf-dist/tex/latex/hyperref/hpdftex.def
File: hpdftex.def 2021-06-07 v7.00m Hyperref driver for pdfTeX

(/usr/share/texlive/texmf-dist/tex/latex/base/atveryend-ltx.sty
Package: atveryend-ltx 2020/08/19 v1.0a Emulation of the original atveryend pac
kage
with kernel methods
)
\Fld@listcount=\count286
\c@bookmark@seq@number=\count287

(/usr/share/texlive/texmf-dist/tex/latex/rerunfilecheck/rerunfilecheck.sty
Package: rerunfilecheck 2019/12/05 v1.9 Rerun checks for auxiliary files (HO)

(/usr/share/texlive/texmf-dist/tex/generic/uniquecounter/uniquecounter.sty
Package: uniquecounter 2019/12/15 v1.4 Provide unlimited unique counter (HO)
)
Package uniquecounter Info: New unique counter `rerunfilecheck' on input line 2
86.
)
\Hy@SectionHShift=\skip52
)
Package hyperref Info: Option `colorlinks' set `true' on input line 20.

(/usr/share/texlive/texmf-dist/tex/latex/bookmark/bookmark.sty
Package: bookmark 2020-11-06 v1.29 PDF bookmarks (HO)

(/usr/share/texlive/texmf-dist/tex/latex/bookmark/bkm-pdftex.def
File: bkm-pdftex.def 2020-11-06 v1.29 bookmark driver for pdfTeX (HO)
\BKM@id=\count288
))
(/usr/share/texlive/texmf-dist/tex/latex/blindtext/blindtext.sty
Package: blindtext 2012/01/06 V2.0 blindtext-Package

(/usr/share/texlive/texmf-dist/tex/latex/tools/xspace.sty
Package: xspace 2014/10/28 v1.13 Space after command names (DPC,MH)
)
\c@blindtext=\count289
\c@Blindtext=\count290
\c@blind@countparstart=\count291
\blind@countxx=\count292
\blindtext@numBlindtext=\count293
\blind@countyy=\count294
\c@blindlist=\count295
\c@blindlistlevel=\count296
\c@blindlist@level=\count297
\blind@listitem=\count298
\c@blind@listcount=\count299
\c@blind@levelcount=\count300
\blind@mathformula=\count301
\blind@Mathformula=\count302
\c@blind@randomcount=\count303
\c@blind@randommax=\count304
\c@blind@pangramcount=\count305
\c@blind@pangrammax=\count306
)
(/usr/share/texlive/texmf-dist/tex/latex/graphics/graphicx.sty
Package: graphicx 2021/09/16 v1.2d Enhanced LaTeX Graphics (DPC,SPQR)

(/usr/share/texlive/texmf-dist/tex/latex/graphics/graphics.sty
Package: graphics 2021/03/04 v1.4d Standard LaTeX Graphics (DPC,SPQR)

(/usr/share/texlive/texmf-dist/tex/latex/graphics/trig.sty
Package: trig 2021/08/11 v1.11 sin cos tan (DPC)
)
(/usr/share/texlive/texmf-dist/tex/latex/graphics-cfg/graphics.cfg
File: graphics.cfg 2016/06/04 v1.11 sample graphics configuration
)
Package graphics Info: Driver file: pdftex.def on input line 107.

(/usr/share/texlive/texmf-dist/tex/latex/graphics-def/pdftex.def
File: pdftex.def 2020/10/05 v1.2a Graphics/color driver for pdftex
))
\Gin@req@height=\dimen161
\Gin@req@width=\dimen162
)
(/usr/share/texlive/texmf-dist/tex/latex/l3backend/l3backend-pdftex.def
File: l3backend-pdftex.def 2022-01-12 L3 backend support: PDF output (pdfTeX)
\l__color_backend_stack_int=\count307
\l__pdf_internal_box=\box95
)
(rapport//rapport.aux

LaTeX Warning: Label `fig:useCase' multiply defined.

)
\openout1 = `rapport.aux'.

LaTeX Font Info:    Checking defaults for OML/cmm/m/it on input line 39.
LaTeX Font Info:    ... okay on input line 39.
LaTeX Font Info:    Checking defaults for OMS/cmsy/m/n on input line 39.
LaTeX Font Info:    ... okay on input line 39.
LaTeX Font Info:    Checking defaults for OT1/cmr/m/n on input line 39.
LaTeX Font Info:    ... okay on input line 39.
LaTeX Font Info:    Checking defaults for T1/cmr/m/n on input line 39.
LaTeX Font Info:    ... okay on input line 39.
LaTeX Font Info:    Checking defaults for TS1/cmr/m/n on input line 39.
LaTeX Font Info:    ... okay on input line 39.
LaTeX Font Info:    Checking defaults for OMX/cmex/m/n on input line 39.
LaTeX Font Info:    ... okay on input line 39.
LaTeX Font Info:    Checking defaults for U/cmr/m/n on input line 39.
LaTeX Font Info:    ... okay on input line 39.
LaTeX Font Info:    Checking defaults for PD1/pdf/m/n on input line 39.
LaTeX Font Info:    ... okay on input line 39.
LaTeX Font Info:    Checking defaults for PU/pdf/m/n on input line 39.
LaTeX Font Info:    ... okay on input line 39.
LaTeX Info: Redefining \degres on input line 39.
LaTeX Info: Redefining \up on input line 39.
 (/usr/share/texlive/texmf-dist/tex/latex/graphics/color.sty
Package: color 2021/12/07 v1.3c Standard LaTeX Color (DPC)

(/usr/share/texlive/texmf-dist/tex/latex/graphics-cfg/color.cfg
File: color.cfg 2016/01/02 v1.6 sample color configuration
)
Package color Info: Driver file: pdftex.def on input line 149.
)
Package hyperref Info: Link coloring ON on input line 39.

(/usr/share/texlive/texmf-dist/tex/latex/hyperref/nameref.sty
Package: nameref 2021-04-02 v2.47 Cross-referencing by name of section

(/usr/share/texlive/texmf-dist/tex/latex/refcount/refcount.sty
Package: refcount 2019/12/15 v3.6 Data extraction from label references (HO)
)
(/usr/share/texlive/texmf-dist/tex/generic/gettitlestring/gettitlestring.sty
Package: gettitlestring 2019/12/15 v1.6 Cleanup title references (HO)
)
\c@section@level=\count308
)
LaTeX Info: Redefining \ref on input line 39.
LaTeX Info: Redefining \pageref on input line 39.
LaTeX Info: Redefining \nameref on input line 39.

(/usr/share/texlive/texmf-dist/tex/context/base/mkii/supp-pdf.mkii
[Loading MPS to PDF converter (version 2006.09.02).]
\scratchcounter=\count309
\scratchdimen=\dimen163
\scratchbox=\box96
\nofMPsegments=\count310
\nofMParguments=\count311
\everyMPshowfont=\toks20
\MPscratchCnt=\count312
\MPscratchDim=\dimen164
\MPnumerator=\count313
\makeMPintoPDFobject=\count314
\everyMPtoPDFconversion=\toks21
) (/usr/share/texlive/texmf-dist/tex/latex/epstopdf-pkg/epstopdf-base.sty
Package: epstopdf-base 2020-01-24 v2.11 Base part for package epstopdf
Package epstopdf-base Info: Redefining graphics rule for `.eps' on input line 4
85.

(/usr/share/texlive/texmf-dist/tex/latex/latexconfig/epstopdf-sys.cfg
File: epstopdf-sys.cfg 2010/07/13 v1.3 Configuration of (r)epstopdf for TeX Liv
e
))
LaTeX Font Info:    External font `cmex10' loaded for size
(Font)              <12> on input line 41.
LaTeX Font Info:    External font `cmex10' loaded for size
(Font)              <8> on input line 41.
LaTeX Font Info:    External font `cmex10' loaded for size
(Font)              <6> on input line 41.
<rapport/img//power.png, id=4, 603.25375pt x 1005.7575pt>
File: rapport/img//power.png Graphic file (type png)
<use rapport/img//power.png>
Package pdftex.def Info: rapport/img//power.png  used on input line 42.
(pdftex.def)             Requested size: 258.10536pt x 430.31812pt.

[1

{/var/lib/texmf/fonts/map/pdftex/updmap/pdftex.map} <./rapport/img//power.png>]
 (rapport//rapport.toc
LaTeX Font Info:    External font `cmex10' loaded for size
(Font)              <7> on input line 12.
LaTeX Font Info:    External font `cmex10' loaded for size
(Font)              <5> on input line 12.
)
\tf@toc=\write3
\openout3 = `rapport.toc'.

LaTeX Font Info:    Trying to load font information for T1+cmtt on input line 6
0.

(/usr/share/texlive/texmf-dist/tex/latex/base/t1cmtt.fd
File: t1cmtt.fd 2019/12/16 v2.5j Standard LaTeX font definitions
) [2]
<rapport/img//fragment/no_input.png, id=61, 1084.05pt x 2348.775pt>
File: rapport/img//fragment/no_input.png Graphic file (type png)
<use rapport/img//fragment/no_input.png>
Package pdftex.def Info: rapport/img//fragment/no_input.png  used on input line
 96.
(pdftex.def)             Requested size: 104.18068pt x 225.71638pt.
<rapport/img//fragment/input.png, id=62, 1084.05pt x 2348.775pt>
File: rapport/img//fragment/input.png Graphic file (type png)
<use rapport/img//fragment/input.png>
Package pdftex.def Info: rapport/img//fragment/input.png  used on input line 97
.
(pdftex.def)             Requested size: 104.18068pt x 225.71638pt.
<rapport/img//fragment/layout.png, id=63, 562.1pt x 278.03876pt>
File: rapport/img//fragment/layout.png Graphic file (type png)
<use rapport/img//fragment/layout.png>
Package pdftex.def Info: rapport/img//fragment/layout.png  used on input line 1
09.
(pdftex.def)             Requested size: 181.18439pt x 89.61908pt.

Underfull \hbox (badness 10000) in paragraph at lines 119--119
[]\T1/cmr/bx/n/12 Communication entre frag-
 []

<rapport/img//fragment/set.png, id=64, 685.56125pt x 219.82124pt>
File: rapport/img//fragment/set.png Graphic file (type png)
<use rapport/img//fragment/set.png>
Package pdftex.def Info: rapport/img//fragment/set.png  used on input line 126.

(pdftex.def)             Requested size: 212.89546pt x 68.26462pt.

Underfull \hbox (badness 10000) in paragraph at lines 123--128

 []


Overfull \hbox (1.41151pt too wide) in paragraph at lines 123--128
[] 
 []

<rapport/img//fragment/fragmentListen.png, id=65, 743.77875pt x 212.795pt>
File: rapport/img//fragment/fragmentListen.png Graphic file (type png)
<use rapport/img//fragment/fragmentListen.png>
Package pdftex.def Info: rapport/img//fragment/fragmentListen.png  used on inpu
t line 135.
(pdftex.def)             Requested size: 212.89546pt x 60.9102pt.

Overfull \hbox (1.41151pt too wide) in paragraph at lines 135--136
[] 
 []

<rapport/img//fragment/submittedSmall.png, id=66, 468.75125pt x 419.5675pt>
File: rapport/img//fragment/submittedSmall.png Graphic file (type png)
<use rapport/img//fragment/submittedSmall.png>
Package pdftex.def Info: rapport/img//fragment/submittedSmall.png  used on inpu
t line 137.
(pdftex.def)             Requested size: 212.89546pt x 190.55139pt.
<rapport/img//fragment/syncSmall.png, id=67, 356.33125pt x 118.4425pt>
File: rapport/img//fragment/syncSmall.png Graphic file (type png)
<use rapport/img//fragment/syncSmall.png>
Package pdftex.def Info: rapport/img//fragment/syncSmall.png  used on input lin
e 138.
(pdftex.def)             Requested size: 212.89546pt x 70.76422pt.

Overfull \hbox (1.41151pt too wide) in paragraph at lines 137--139
[]
 []


Overfull \hbox (1.41151pt too wide) in paragraph at lines 137--139
[] 
 []

[3 <./rapport/img//fragment/no_input.png> <./rapport/img//fragment/input.png> <
./rapport/img//fragment/layout.png> <./rapport/img//fragment/set.png> <./rappor
t/img//fragment/fragmentListen.png>]
<rapport/img//fragment/post.png, id=86, 580.1675pt x 324.21124pt>
File: rapport/img//fragment/post.png Graphic file (type png)
<use rapport/img//fragment/post.png>
Package pdftex.def Info: rapport/img//fragment/post.png  used on input line 142
.
(pdftex.def)             Requested size: 212.89546pt x 118.97182pt.

Underfull \hbox (badness 10000) in paragraph at lines 140--143

 []


Overfull \hbox (1.41151pt too wide) in paragraph at lines 140--143
[] 
 []

<rapport/img//fragment/observe.png, id=87, 592.2125pt x 458.71375pt>
File: rapport/img//fragment/observe.png Graphic file (type png)
<use rapport/img//fragment/observe.png>
Package pdftex.def Info: rapport/img//fragment/observe.png  used on input line 
146.
(pdftex.def)             Requested size: 212.89546pt x 164.90584pt.

Underfull \hbox (badness 10000) in paragraph at lines 144--147

 []


Overfull \hbox (1.41151pt too wide) in paragraph at lines 144--147
[] 
 []

<rapport/img//fragment/onChanged.png, id=88, 524.96124pt x 382.42876pt>
File: rapport/img//fragment/onChanged.png Graphic file (type png)
<use rapport/img//fragment/onChanged.png>
Package pdftex.def Info: rapport/img//fragment/onChanged.png  used on input lin
e 150.
(pdftex.def)             Requested size: 212.89546pt x 155.09286pt.

Underfull \hbox (badness 10000) in paragraph at lines 148--151

 []


Overfull \hbox (1.41151pt too wide) in paragraph at lines 148--151
[] 
 []

<rapport/img//observer.png, id=89, 612.2875pt x 311.1625pt>
File: rapport/img//observer.png Graphic file (type png)
<use rapport/img//observer.png>
Package pdftex.def Info: rapport/img//observer.png  used on input line 159.
(pdftex.def)             Requested size: 221.95676pt x 112.79707pt.

Underfull \hbox (badness 10000) in paragraph at lines 158--160
\T1/cmr/m/n/10 du pa-tron de concep-tion \T1/cmr/m/it/10 Ob-ser-va-teur
 []


Overfull \hbox (10.47281pt too wide) in paragraph at lines 158--160
[] 
 []

[4 <./rapport/img//fragment/submittedSmall.png> <./rapport/img//fragment/syncSm
all.png> <./rapport/img//fragment/post.png> <./rapport/img//fragment/observe.pn
g> <./rapport/img//fragment/onChanged.png> <./rapport/img//observer.png>]
<rapport/img//persistance/savedSmall.png, id=105, 485.815pt x 206.7725pt>
File: rapport/img//persistance/savedSmall.png Graphic file (type png)
<use rapport/img//persistance/savedSmall.png>
Package pdftex.def Info: rapport/img//persistance/savedSmall.png  used on input
 line 170.
(pdftex.def)             Requested size: 212.89546pt x 90.61102pt.
<rapport/img//persistance/jsonFile.png, id=106, 915.42pt x 583.17876pt>
File: rapport/img//persistance/jsonFile.png Graphic file (type png)
<use rapport/img//persistance/jsonFile.png>
Package pdftex.def Info: rapport/img//persistance/jsonFile.png  used on input l
ine 171.
(pdftex.def)             Requested size: 212.89546pt x 135.62325pt.

Overfull \hbox (1.41151pt too wide) in paragraph at lines 170--173
[]
 []


Overfull \hbox (1.41151pt too wide) in paragraph at lines 170--173
[]
 []

<rapport/img//persistance/write.png, id=107, 858.20625pt x 194.7275pt>
File: rapport/img//persistance/write.png Graphic file (type png)
<use rapport/img//persistance/write.png>
Package pdftex.def Info: rapport/img//persistance/write.png  used on input line
 175.
(pdftex.def)             Requested size: 212.89546pt x 48.30438pt.

Underfull \hbox (badness 10000) in paragraph at lines 174--176

 []


Overfull \hbox (1.41151pt too wide) in paragraph at lines 174--176
[] 
 []


Underfull \hbox (badness 7759) in paragraph at lines 184--185
 []\T1/cmr/bx/n/10 Échec[] \T1/cmr/m/n/10 Mal-heu-re-se-ment, nous n'avons pas
 []

<rapport/img//persistance/on.png, id=108, 698.61pt x 786.94pt>
File: rapport/img//persistance/on.png Graphic file (type png)
<use rapport/img//persistance/on.png>
Package pdftex.def Info: rapport/img//persistance/on.png  used on input line 18
7.
(pdftex.def)             Requested size: 212.89546pt x 239.81822pt.

Underfull \hbox (badness 10000) in paragraph at lines 186--188

 []


Overfull \hbox (1.41151pt too wide) in paragraph at lines 186--188
[] 
 []

<rapport/img//load/loaded.png, id=109, 1084.05pt x 2348.775pt>
File: rapport/img//load/loaded.png Graphic file (type png)
<use rapport/img//load/loaded.png>
Package pdftex.def Info: rapport/img//load/loaded.png  used on input line 191.
(pdftex.def)             Requested size: 212.89546pt x 461.25275pt.

Overfull \hbox (1.41151pt too wide) in paragraph at lines 191--192
[] 
 []

[5 <./rapport/img//persistance/savedSmall.png> <./rapport/img//persistance/json
File.png> <./rapport/img//persistance/write.png> <./rapport/img//persistance/on
.png>]
<rapport/img//load/FileDownloadService.png, id=121, 755.82375pt x 714.67pt>
File: rapport/img//load/FileDownloadService.png Graphic file (type png)
<use rapport/img//load/FileDownloadService.png>
Package pdftex.def Info: rapport/img//load/FileDownloadService.png  used on inp
ut line 205.
(pdftex.def)             Requested size: 212.89546pt x 201.30577pt.
<rapport/img//load/broadcastReceive.png, id=122, 768.8725pt x 786.94pt>
File: rapport/img//load/broadcastReceive.png Graphic file (type png)
<use rapport/img//load/broadcastReceive.png>
Package pdftex.def Info: rapport/img//load/broadcastReceive.png  used on input 
line 206.
(pdftex.def)             Requested size: 212.89546pt x 217.89212pt.

Underfull \hbox (badness 10000) in paragraph at lines 203--207

 []


Overfull \hbox (1.41151pt too wide) in paragraph at lines 203--207
[]
 []


Overfull \hbox (1.41151pt too wide) in paragraph at lines 203--207
[] 
 []

<rapport/img//jpg/useCase.jpg, id=123, 759.83875pt x 477.785pt>
File: rapport/img//jpg/useCase.jpg Graphic file (type jpg)
<use rapport/img//jpg/useCase.jpg>
Package pdftex.def Info: rapport/img//jpg/useCase.jpg  used on input line 215.
(pdftex.def)             Requested size: 362.37569pt x 227.86153pt.
<rapport/img//jpg/sequence.jpg, id=124, 1166.3575pt x 643.40375pt>
File: rapport/img//jpg/sequence.jpg Graphic file (type jpg)
<use rapport/img//jpg/sequence.jpg>
Package pdftex.def Info: rapport/img//jpg/sequence.jpg  used on input line 221.

(pdftex.def)             Requested size: 362.37569pt x 199.89488pt.
[6 <./rapport/img//load/loaded.png> <./rapport/img//load/FileDownloadService.pn
g> <./rapport/img//load/broadcastReceive.png>] [7 <./rapport/img//jpg/useCase.j
pg> <./rapport/img//jpg/sequence.jpg>] (rapport//rapport.aux)

LaTeX Warning: There were multiply-defined labels.

 ) 
Here is how much of TeX's memory you used:
 11098 strings out of 479551
 180794 string characters out of 5876172
 485650 words of memory out of 5000000
 28877 multiletter control sequences out of 15000+600000
 481968 words of font info for 51 fonts, out of 8000000 for 9000
 395 hyphenation exceptions out of 8191
 60i,7n,63p,545b,495s stack positions out of 5000i,500n,10000p,200000b,80000s
 </home/tony/.texlive2021/texmf-var/fonts/pk/ljfour/jknappen/ec/eccc1000.600p
k> </home/tony/.texlive2021/texmf-var/fonts/pk/ljfour/jknappen/ec/ecti1000.600p
k> </home/tony/.texlive2021/texmf-var/fonts/pk/ljfour/jknappen/ec/ecbx1200.600p
k> </home/tony/.texlive2021/texmf-var/fonts/pk/ljfour/jknappen/ec/ectt1000.600p
k> </home/tony/.texlive2021/texmf-var/fonts/pk/ljfour/jknappen/ec/ecbx1000.600p
k> </home/tony/.texlive2021/texmf-var/fonts/pk/ljfour/jknappen/ec/ecbx1440.600p
k> </home/tony/.texlive2021/texmf-var/fonts/pk/ljfour/jknappen/ec/ecrm1000.600p
k> </home/tony/.texlive2021/texmf-var/fonts/pk/ljfour/jknappen/ec/ecti0900.600p
k> </home/tony/.texlive2021/texmf-var/fonts/pk/ljfour/jknappen/ec/ecbx0900.600p
k> </home/tony/.texlive2021/texmf-var/fonts/pk/ljfour/jknappen/ec/ecti1200.600p
k> </home/tony/.texlive2021/texmf-var/fonts/pk/ljfour/jknappen/ec/ecrm1200.600p
k> </home/tony/.texlive2021/texmf-var/fonts/pk/ljfour/jknappen/ec/ecrm1728.600p
k>
Output written on rapport//rapport.pdf (7 pages, 1663460 bytes).
PDF statistics:
 586 PDF objects out of 1000 (max. 8388607)
 192 compressed objects within 2 object streams
 49 named destinations out of 1000 (max. 500000)
 226 words of extra memory for PDF output out of 10000 (max. 10000000)

